C:\USERS\KAVEH\DOCUMENTS\VISUAL STUDIO 2010\PROJECTS\LEOEMULATOR\DEBUG\LEOEMULATOR.EXE
C:\USERS\KAVEH\DOCUMENTS\VISUAL STUDIO 2010\PROJECTS\LEOEMULATOR\DEBUG\LEOEMULATOR.ILK
C:\USERS\KAVEH\DOCUMENTS\VISUAL STUDIO 2010\PROJECTS\LEOEMULATOR\DEBUG\LEOEMULATOR.PDB
C:\USERS\KAVEH\DOCUMENTS\VISUAL STUDIO 2010\PROJECTS\LEOEMULATOR\LEOEMULATOR\DEBUG\ACTIVITYREC.OBJ
C:\USERS\KAVEH\DOCUMENTS\VISUAL STUDIO 2010\PROJECTS\LEOEMULATOR\LEOEMULATOR\DEBUG\ALGORITHMS.OBJ
C:\USERS\KAVEH\DOCUMENTS\VISUAL STUDIO 2010\PROJECTS\LEOEMULATOR\LEOEMULATOR\DEBUG\CADENCEGYRO.OBJ
c:\Users\kaveh\documents\visual studio 2010\Projects\LEOemulator\LEOemulator\Debug\cl.command.1.tlog
c:\Users\kaveh\documents\visual studio 2010\Projects\LEOemulator\LEOemulator\Debug\CL.read.1.tlog
c:\Users\kaveh\documents\visual studio 2010\Projects\LEOemulator\LEOemulator\Debug\CL.write.1.tlog
C:\USERS\KAVEH\DOCUMENTS\VISUAL STUDIO 2010\PROJECTS\LEOEMULATOR\LEOEMULATOR\DEBUG\EMGALGORITHMS.OBJ
C:\USERS\KAVEH\DOCUMENTS\VISUAL STUDIO 2010\PROJECTS\LEOEMULATOR\LEOEMULATOR\DEBUG\FATIGUE.OBJ
C:\USERS\KAVEH\DOCUMENTS\VISUAL STUDIO 2010\PROJECTS\LEOEMULATOR\LEOEMULATOR\DEBUG\FREEMODE.OBJ
C:\USERS\KAVEH\DOCUMENTS\VISUAL STUDIO 2010\PROJECTS\LEOEMULATOR\LEOEMULATOR\DEBUG\HAMMINGSMOOTH.OBJ
C:\USERS\KAVEH\DOCUMENTS\VISUAL STUDIO 2010\PROJECTS\LEOEMULATOR\LEOEMULATOR\DEBUG\LEOEMULATOR.EXE.INTERMEDIATE.MANIFEST
c:\Users\kaveh\documents\visual studio 2010\Projects\LEOemulator\LEOemulator\Debug\LEOemulator.vcxprojResolveAssemblyReference.cache
c:\Users\kaveh\documents\visual studio 2010\Projects\LEOemulator\LEOemulator\Debug\LEOemulator.write.1.tlog
c:\Users\kaveh\documents\visual studio 2010\Projects\LEOemulator\LEOemulator\Debug\link.command.1.tlog
c:\Users\kaveh\documents\visual studio 2010\Projects\LEOemulator\LEOemulator\Debug\link.read.1.tlog
c:\Users\kaveh\documents\visual studio 2010\Projects\LEOemulator\LEOemulator\Debug\link.write.1.tlog
C:\USERS\KAVEH\DOCUMENTS\VISUAL STUDIO 2010\PROJECTS\LEOEMULATOR\LEOEMULATOR\DEBUG\LT2THRESHOLD.OBJ
C:\USERS\KAVEH\DOCUMENTS\VISUAL STUDIO 2010\PROJECTS\LEOEMULATOR\LEOEMULATOR\DEBUG\MAIN.OBJ
C:\USERS\KAVEH\DOCUMENTS\VISUAL STUDIO 2010\PROJECTS\LEOEMULATOR\LEOEMULATOR\DEBUG\MATRIXFUNCS.OBJ
C:\USERS\KAVEH\DOCUMENTS\VISUAL STUDIO 2010\PROJECTS\LEOEMULATOR\LEOEMULATOR\DEBUG\MOVING_AVERAGE_HIGH_PASS.OBJ
c:\Users\kaveh\documents\visual studio 2010\Projects\LEOemulator\LEOemulator\Debug\mt.command.1.tlog
c:\Users\kaveh\documents\visual studio 2010\Projects\LEOemulator\LEOemulator\Debug\mt.read.1.tlog
c:\Users\kaveh\documents\visual studio 2010\Projects\LEOemulator\LEOemulator\Debug\mt.write.1.tlog
C:\USERS\KAVEH\DOCUMENTS\VISUAL STUDIO 2010\PROJECTS\LEOEMULATOR\LEOEMULATOR\DEBUG\POSTPROCESSING.OBJ
C:\USERS\KAVEH\DOCUMENTS\VISUAL STUDIO 2010\PROJECTS\LEOEMULATOR\LEOEMULATOR\DEBUG\PREPROCESSING.OBJ
C:\USERS\KAVEH\DOCUMENTS\VISUAL STUDIO 2010\PROJECTS\LEOEMULATOR\LEOEMULATOR\DEBUG\READ_FILE.OBJ
C:\USERS\KAVEH\DOCUMENTS\VISUAL STUDIO 2010\PROJECTS\LEOEMULATOR\LEOEMULATOR\DEBUG\RMS_F32.OBJ
C:\USERS\KAVEH\DOCUMENTS\VISUAL STUDIO 2010\PROJECTS\LEOEMULATOR\LEOEMULATOR\DEBUG\SEGMENTANALYSIS.OBJ
C:\USERS\KAVEH\DOCUMENTS\VISUAL STUDIO 2010\PROJECTS\LEOEMULATOR\LEOEMULATOR\DEBUG\SEGMENTATION.OBJ
C:\USERS\KAVEH\DOCUMENTS\VISUAL STUDIO 2010\PROJECTS\LEOEMULATOR\LEOEMULATOR\DEBUG\SPINSCANGYRO.OBJ
c:\Users\kaveh\documents\visual studio 2010\Projects\LEOemulator\LEOemulator\Debug\vc100.idb
C:\USERS\KAVEH\DOCUMENTS\VISUAL STUDIO 2010\PROJECTS\LEOEMULATOR\LEOEMULATOR\DEBUG\VC100.PDB
